#
# A fatal error has been detected by the Java Runtime Environment:
#
#  SIGSEGV (0xb) at pc=0x00000001189b246c, pid=65218, tid=0x000000000000a203
#
# JRE version: Java(TM) SE Runtime Environment (8.0_144-b01) (build 1.8.0_144-b01)
# Java VM: Java HotSpot(TM) 64-Bit Server VM (25.144-b01 mixed mode bsd-amd64 compressed oops)
# Problematic frame:
# C  [libtorch.dylib+0x2e4c46c]  _ZN5torch8autograd6Engine17evaluate_functionERNS0_8NodeTaskE+0x1a9c
#
# Failed to write core dump. Core dumps have been disabled. To enable core dumping, try "ulimit -c unlimited" before starting Java again
#
# If you would like to submit a bug report, please visit:
#   http://bugreport.java.com/bugreport/crash.jsp
#

---------------  T H R E A D  ---------------

Current thread is native thread

siginfo: si_signo: 11 (SIGSEGV), si_code: 1 (SEGV_MAPERR), si_addr: 0x0000000000000004

Registers:
RAX=0x0000000000000000, RBX=0x0000000000000000, RCX=0x0000000000000001, RDX=0x000000011af78da0
RSP=0x000070000e6f4340, RBP=0x000070000e6f4d70, RSI=0x0000000000000000, RDI=0x000000011af78d30
R8 =0x2e8ba2e8ba2e8ba3, R9 =0x0000000000000000, R10=0x0000000000000006, R11=0x0000000000000006
R12=0x00007ff4827eb170, R13=0x00007ff4829700a8, R14=0x0000000000000004, R15=0x0000000000000000
RIP=0x00000001189b246c, EFLAGS=0x0000000000010206, ERR=0x0000000000000004
  TRAPNO=0x000000000000000e

Top of Stack: (sp=0x000070000e6f4340)
0x000070000e6f4340:   0000000000000000 0000000000000000
0x000070000e6f4350:   0000000000000000 00000001158efbb8
0x000070000e6f4360:   00000001158efba8 00007ff4827eb518
0x000070000e6f4370:   0000000000000000 00007ffeec583330
0x000070000e6f4380:   0000000000000001 827eb51800000000
0x000070000e6f4390:   0000000000000000 00007ff4829700a8
0x000070000e6f43a0:   00007ffeec5832e0 00007ffeec583250
0x000070000e6f43b0:   00007ffeec583270 0000000000000000
0x000070000e6f43c0:   00007ff482970090 0000000005b481d0
0x000070000e6f43d0:   000070000e6f4df8 00007ff4827eb150
0x000070000e6f43e0:   00007ff4827eb430 00007ff482970090
0x000070000e6f43f0:   0000000000000000 00000000082fe600
0x000070000e6f4400:   000070000e6f4450 00007ff4827eb430
0x000070000e6f4410:   0000000000000000 0000000000000000
0x000070000e6f4420:   0000000000000000 000000010834f938
0x000070000e6f4430:   00007ff482970540 00007ff482970548
0x000070000e6f4440:   00007ff482970548 000000010834f938
0x000070000e6f4450:   000070000e6f4470 00000001082f85a4
0x000070000e6f4460:   0000000105abdbd0 000000010834d380
0x000070000e6f4470:   000070000e6f44b0 00000001082f5453
0x000070000e6f4480:   0000000105b39224 0000000105b481d0
0x000070000e6f4490:   00007ff47d74d1f0 00007ff47d74d1f0
0x000070000e6f44a0:   000070000e6f4760 000000011afd82c0
0x000070000e6f44b0:   000070000e6f44f0 00000001082fe6ea
0x000070000e6f44c0:   000070000e6f4510 00000001082fe83e
0x000070000e6f44d0:   000000010834f938 00007ff47fcaf070
0x000070000e6f44e0:   0000000105b39228 000000010834f938
0x000070000e6f44f0:   ffff00000e6f4760 0000000000000001
0x000070000e6f4500:   00007ff47fcaf070 000000010834f938
0x000070000e6f4510:   000070000e6f4530 00000001082f85a4
0x000070000e6f4520:   0000000105abdbb0 000000010834d380
0x000070000e6f4530:   000070000e6f4570 00000001082f2f1c 

Instructions: (pc=0x00000001189b246c)
0x00000001189b244c:   50 08 48 89 9d 88 f8 ff ff 48 8b 85 78 f6 ff ff
0x00000001189b245c:   4a 8d 3c f8 48 89 bd 50 f6 ff ff e8 b4 d1 1d fd
0x00000001189b246c:   8a 40 04 04 fb 3c 0a 0f 87 08 0c 00 00 0f b6 c0
0x00000001189b247c:   b9 07 04 00 00 0f a3 c1 0f 83 f7 0b 00 00 48 8b 

Register to memory mapping:

RAX=0x0000000000000000 is an unknown value
RBX=0x0000000000000000 is an unknown value
RCX=0x0000000000000001 is an unknown value
RDX=0x000000011af78da0: _ZZN2at38globalDeprecatedTypePropertiesRegistryEvE9singleton+0x70 in /opt/anaconda3/envs/python3_6/lib/python3.6/site-packages/torch/lib/libtorch.dylib at 0x0000000115b66000
RSP=0x000070000e6f4340 is an unknown value
RBP=0x000070000e6f4d70 is an unknown value
RSI=0x0000000000000000 is an unknown value
RDI=0x000000011af78d30: _ZZN2at38globalDeprecatedTypePropertiesRegistryEvE9singleton+0 in /opt/anaconda3/envs/python3_6/lib/python3.6/site-packages/torch/lib/libtorch.dylib at 0x0000000115b66000
R8 =0x2e8ba2e8ba2e8ba3 is an unknown value
R9 =0x0000000000000000 is an unknown value
R10=0x0000000000000006 is an unknown value
R11=0x0000000000000006 is an unknown value
R12=0x00007ff4827eb170 is an unknown value
R13=0x00007ff4829700a8 is an unknown value
R14=0x0000000000000004 is an unknown value
R15=0x0000000000000000 is an unknown value


Stack: [0x000070000e675000,0x000070000e6f5000],  sp=0x000070000e6f4340,  free space=508k
Native frames: (J=compiled Java code, j=interpreted, Vv=VM code, C=native code)
C  [libtorch.dylib+0x2e4c46c]  _ZN5torch8autograd6Engine17evaluate_functionERNS0_8NodeTaskE+0x1a9c
C  [libtorch.dylib+0x2e4a258]  _ZN5torch8autograd6Engine11thread_mainEPNS0_9GraphTaskE+0x128
C  [libtorch.dylib+0x2e4a0fd]  _ZN5torch8autograd6Engine11thread_initEi+0x9d
C  [libtorch_python.dylib+0x543e8c]  _ZN5torch8autograd6python12PythonEngine11thread_initEi+0x2c
